F:\CHENGLONG\GITHUB\LUA\LUA52\LUA52\LUALIB\DEBUG\LLEX.OBJ
F:\CHENGLONG\GITHUB\LUA\LUA52\LUA52\LUALIB\DEBUG\LMATHLIB.OBJ
F:\CHENGLONG\GITHUB\LUA\LUA52\LUA52\LUALIB\DEBUG\LMEM.OBJ
F:\CHENGLONG\GITHUB\LUA\LUA52\LUA52\LUALIB\DEBUG\LOPCODES.OBJ
F:\CHENGLONG\GITHUB\LUA\LUA52\LUA52\LUALIB\DEBUG\LPARSER.OBJ
F:\CHENGLONG\GITHUB\LUA\LUA52\LUA52\LUALIB\DEBUG\LSTATE.OBJ
F:\CHENGLONG\GITHUB\LUA\LUA52\LUA52\LUALIB\DEBUG\LSTRING.OBJ
F:\CHENGLONG\GITHUB\LUA\LUA52\LUA52\LUALIB\DEBUG\LTABLE.OBJ
F:\CHENGLONG\GITHUB\LUA\LUA52\LUA52\LUALIB\DEBUG\LTABLIB.OBJ
F:\CHENGLONG\GITHUB\LUA\LUA52\LUA52\LUALIB\DEBUG\LTM.OBJ
F:\CHENGLONG\GITHUB\LUA\LUA52\LUA52\LUALIB\DEBUG\LUNDUMP.OBJ
F:\CHENGLONG\GITHUB\LUA\LUA52\LUA52\LUALIB\DEBUG\LZIO.OBJ
F:\CHENGLONG\GITHUB\LUA\LUA52\LUA52\LUALIB\DEBUG\LAPI.OBJ
F:\CHENGLONG\GITHUB\LUA\LUA52\LUA52\LUALIB\DEBUG\LBASELIB.OBJ
F:\CHENGLONG\GITHUB\LUA\LUA52\LUA52\LUALIB\DEBUG\LBITLIB.OBJ
F:\CHENGLONG\GITHUB\LUA\LUA52\LUA52\LUALIB\DEBUG\LCODE.OBJ
F:\CHENGLONG\GITHUB\LUA\LUA52\LUA52\LUALIB\DEBUG\LCOROLIB.OBJ
F:\CHENGLONG\GITHUB\LUA\LUA52\LUA52\LUALIB\DEBUG\LCTYPE.OBJ
F:\CHENGLONG\GITHUB\LUA\LUA52\LUA52\LUALIB\DEBUG\LDBLIB.OBJ
F:\CHENGLONG\GITHUB\LUA\LUA52\LUA52\LUALIB\DEBUG\LDEBUG.OBJ
F:\CHENGLONG\GITHUB\LUA\LUA52\LUA52\LUALIB\DEBUG\LDO.OBJ
F:\CHENGLONG\GITHUB\LUA\LUA52\LUA52\LUALIB\DEBUG\LDUMP.OBJ
F:\CHENGLONG\GITHUB\LUA\LUA52\LUA52\LUALIB\DEBUG\LFUNC.OBJ
F:\CHENGLONG\GITHUB\LUA\LUA52\LUA52\LUALIB\DEBUG\LGC.OBJ
F:\CHENGLONG\GITHUB\LUA\LUA52\LUA52\LUALIB\DEBUG\LINIT.OBJ
F:\CHENGLONG\GITHUB\LUA\LUA52\LUA52\LUALIB\DEBUG\VC110.PDB
F:\chenglong\GitHub\Lua\Lua52\Lua52\LuaLib\Debug\lapi.obj
F:\chenglong\GitHub\Lua\Lua52\Lua52\LuaLib\Debug\lbaselib.obj
F:\chenglong\GitHub\Lua\Lua52\Lua52\LuaLib\Debug\lbitlib.obj
F:\chenglong\GitHub\Lua\Lua52\Lua52\LuaLib\Debug\lcode.obj
F:\chenglong\GitHub\Lua\Lua52\Lua52\LuaLib\Debug\lcorolib.obj
F:\chenglong\GitHub\Lua\Lua52\Lua52\LuaLib\Debug\lctype.obj
F:\chenglong\GitHub\Lua\Lua52\Lua52\LuaLib\Debug\ldblib.obj
F:\chenglong\GitHub\Lua\Lua52\Lua52\LuaLib\Debug\ldebug.obj
F:\chenglong\GitHub\Lua\Lua52\Lua52\LuaLib\Debug\ldo.obj
F:\chenglong\GitHub\Lua\Lua52\Lua52\LuaLib\Debug\ldump.obj
F:\chenglong\GitHub\Lua\Lua52\Lua52\LuaLib\Debug\lfunc.obj
F:\chenglong\GitHub\Lua\Lua52\Lua52\LuaLib\Debug\lgc.obj
F:\chenglong\GitHub\Lua\Lua52\Lua52\LuaLib\Debug\linit.obj
F:\chenglong\GitHub\Lua\Lua52\Lua52\LuaLib\Debug\llex.obj
F:\chenglong\GitHub\Lua\Lua52\Lua52\LuaLib\Debug\lmathlib.obj
F:\chenglong\GitHub\Lua\Lua52\Lua52\LuaLib\Debug\lmem.obj
F:\chenglong\GitHub\Lua\Lua52\Lua52\LuaLib\Debug\lopcodes.obj
F:\chenglong\GitHub\Lua\Lua52\Lua52\LuaLib\Debug\lparser.obj
F:\chenglong\GitHub\Lua\Lua52\Lua52\LuaLib\Debug\lstate.obj
F:\chenglong\GitHub\Lua\Lua52\Lua52\LuaLib\Debug\lstring.obj
F:\chenglong\GitHub\Lua\Lua52\Lua52\LuaLib\Debug\ltable.obj
F:\chenglong\GitHub\Lua\Lua52\Lua52\LuaLib\Debug\ltablib.obj
F:\chenglong\GitHub\Lua\Lua52\Lua52\LuaLib\Debug\ltm.obj
F:\chenglong\GitHub\Lua\Lua52\Lua52\LuaLib\Debug\lundump.obj
F:\chenglong\GitHub\Lua\Lua52\Lua52\LuaLib\Debug\lzio.obj
F:\chenglong\GitHub\Lua\Lua52\Lua52\LuaLib\Debug\cl.command.1.tlog
F:\chenglong\GitHub\Lua\Lua52\Lua52\LuaLib\Debug\CL.read.1.tlog
F:\chenglong\GitHub\Lua\Lua52\Lua52\LuaLib\Debug\CL.write.1.tlog
F:\chenglong\GitHub\Lua\Lua52\Lua52\LuaLib\Debug\vc110.idb
F:\chenglong\GitHub\Lua\Lua52\Lua52\LuaLib\Debug\vc110.pdb
