生成启动时间为 2014/8/27 10:05:28。
     1>项目“F:\chenglong\GitHub\Lua\Lua52\Lua52\LuaLib\LuaLib.vcxproj”在节点 2 上(Build 个目标)。
     1>ClCompile:
         D:\Microsoft Visual Studio 2012\VC\bin\CL.exe /c /IF:\chenglong\GitHub\Lua\Lua52\Lua52\LuaLib\src /ZI /nologo /W3 /WX- /sdl /Od /Oy- /D WIN32 /D _DEBUG /D _LIB /D _UNICODE /D UNICODE /D _CRT_SECURE_NO_WARNINGS /Gm /EHsc /RTC1 /MDd /GS /fp:precise /Zc:wchar_t /Zc:forScope /Fo"Debug\\" /Fd"Debug\vc110.pdb" /Gd /TC /analyze- /errorReport:prompt src\lapi.c src\lauxlib.c src\lbaselib.c src\lbitlib.c src\lcode.c src\lcorolib.c src\lctype.c src\ldblib.c src\ldebug.c src\ldo.c src\ldump.c src\lfunc.c src\lgc.c src\linit.c src\liolib.c src\llex.c src\lmathlib.c src\lmem.c src\loadlib.c src\lobject.c src\lopcodes.c src\loslib.c src\lparser.c src\lstate.c src\lstring.c src\lstrlib.c src\ltable.c src\ltablib.c src\ltm.c src\lua.c src\luac.c src\lundump.c src\lvm.c src\lzio.c
         lzio.c
         lvm.c
         lundump.c
         luac.c
         lua.c
         ltm.c
         ltablib.c
         ltable.c
         lstrlib.c
         lstring.c
         lstate.c
         lparser.c
         loslib.c
         lopcodes.c
         lobject.c
         loadlib.c
         lmem.c
         lmathlib.c
         llex.c
         liolib.c
         正在生成代码...
         正在编译...
         linit.c
         lgc.c
         lfunc.c
         ldump.c
         ldo.c
         ldebug.c
         ldblib.c
         lctype.c
         lcorolib.c
         lcode.c
         lbitlib.c
         lbaselib.c
         lauxlib.c
         lapi.c
         正在生成代码...
       Lib:
         D:\Microsoft Visual Studio 2012\VC\bin\Lib.exe /OUT:"F:\chenglong\GitHub\Lua\Lua52\Lua52\Debug\LuaLib.lib" /NOLOGO Debug\lapi.obj
         Debug\lauxlib.obj
         Debug\lbaselib.obj
         Debug\lbitlib.obj
         Debug\lcode.obj
         Debug\lcorolib.obj
         Debug\lctype.obj
         Debug\ldblib.obj
         Debug\ldebug.obj
         Debug\ldo.obj
         Debug\ldump.obj
         Debug\lfunc.obj
         Debug\lgc.obj
         Debug\linit.obj
         Debug\liolib.obj
         Debug\llex.obj
         Debug\lmathlib.obj
         Debug\lmem.obj
         Debug\loadlib.obj
         Debug\lobject.obj
         Debug\lopcodes.obj
         Debug\loslib.obj
         Debug\lparser.obj
         Debug\lstate.obj
         Debug\lstring.obj
         Debug\lstrlib.obj
         Debug\ltable.obj
         Debug\ltablib.obj
         Debug\ltm.obj
         Debug\lua.obj
         Debug\luac.obj
         Debug\lundump.obj
         Debug\lvm.obj
         Debug\lzio.obj
     1>lua.obj : warning LNK4006: _main 已在 luac.obj 中定义；已忽略第二个定义
         LuaLib.vcxproj -> F:\chenglong\GitHub\Lua\Lua52\Lua52\Debug\LuaLib.lib
     1>已完成生成项目“F:\chenglong\GitHub\Lua\Lua52\Lua52\LuaLib\LuaLib.vcxproj”(Build 个目标)的操作。

生成成功。

已用时间 00:00:02.59
